==============================================================================
Testcase                                                                      
==============================================================================
Testcase.Ios                                                                  
==============================================================================
User Login Ios                                                        | FAIL |
MaxRetryError: HTTPConnectionPool(host='127.0.0.1', port=4724): Max retries exceeded with url: /session (Caused by NewConnectionError('<urllib3.connection.HTTPConnection object at 0x1044766f0>: Failed to establish a new connection: [Errno 61] Connection refused'))
------------------------------------------------------------------------------
User Login (false username) Ios                                       | FAIL |
MaxRetryError: HTTPConnectionPool(host='127.0.0.1', port=4724): Max retries exceeded with url: /session (Caused by NewConnectionError('<urllib3.connection.HTTPConnection object at 0x1033f0f20>: Failed to establish a new connection: [Errno 61] Connection refused'))
------------------------------------------------------------------------------
User Login (false password) Ios                                       | FAIL |
MaxRetryError: HTTPConnectionPool(host='127.0.0.1', port=4724): Max retries exceeded with url: /session (Caused by NewConnectionError('<urllib3.connection.HTTPConnection object at 0x104458080>: Failed to establish a new connection: [Errno 61] Connection refused'))
------------------------------------------------------------------------------
Testcase.Ios                                                          | FAIL |
3 tests, 0 passed, 3 failed
==============================================================================
Testcase                                                              | FAIL |
3 tests, 0 passed, 3 failed
==============================================================================
Output:  /Users/muafailhamighazalah/desktop/robot-framework-automation-portofolio/robot-automation-login/report/report-pdf/pabot_results/2/output.xml
