[ ERROR ] Error in file '/Users/muafailhamighazalah/desktop/robot-framework-automation-portofolio/robot-automation-login/keywords/keywords_web.robot' on line 4: Processing variable file '/Users/muafailhamighazalah/desktop/robot-framework-automation-portofolio/robot-automation-login/resource/variable/variable_web.py' failed: Importing variable file '/Users/muafailhamighazalah/desktop/robot-framework-automation-portofolio/robot-automation-login/resource/variable/variable_web.py' failed: FileNotFoundError: [Errno 2] No such file or directory: 'robot-automation-login/resource/testdata/testdata_web.xlsx'
Traceback (most recent call last):
  File "/Users/muafailhamighazalah/desktop/robot-framework-automation-portofolio/robot-automation-login/resource/variable/variable_web.py", line 4, in <module>
    wb = load_workbook(filename=FILE_PATH, data_only=True)
         ^^^^^^^^^^^^^^^^^^^^^^^^^^^^^^^^^^^^^^^^^^^^^^^^^
  File "/Users/muafailhamighazalah/.pyenv/versions/3.12.1/lib/python3.12/site-packages/openpyxl/reader/excel.py", line 344, in load_workbook
    reader = ExcelReader(filename, read_only, keep_vba,
             ^^^^^^^^^^^^^^^^^^^^^^^^^^^^^^^^^^^^^^^^^^
  File "/Users/muafailhamighazalah/.pyenv/versions/3.12.1/lib/python3.12/site-packages/openpyxl/reader/excel.py", line 123, in __init__
    self.archive = _validate_archive(fn)
                   ^^^^^^^^^^^^^^^^^^^^^
  File "/Users/muafailhamighazalah/.pyenv/versions/3.12.1/lib/python3.12/site-packages/openpyxl/reader/excel.py", line 95, in _validate_archive
    archive = ZipFile(filename, 'r')
              ^^^^^^^^^^^^^^^^^^^^^^
  File "/Users/muafailhamighazalah/.pyenv/versions/3.12.1/lib/python3.12/zipfile/__init__.py", line 1321, in __init__
    self.fp = io.open(file, filemode)
              ^^^^^^^^^^^^^^^^^^^^^^^
PYTHONPATH:
  /Users/muafailhamighazalah/desktop/robot-framework-automation-portofolio/robot-automation-login/resource/variable
  /Users/muafailhamighazalah/.pyenv/versions/3.12.1/bin
  /Users/muafailhamighazalah/desktop/robot-framework-automation-portofolio/robot-automation-login
  /Users/muafailhamighazalah/Desktop/robot-framework-automation-portofolio/robot-automation-login
  /Users/muafailhamighazalah/.pyenv/versions/3.12.1/lib/python312.zip
  /Users/muafailhamighazalah/.pyenv/versions/3.12.1/lib/python3.12
  /Users/muafailhamighazalah/.pyenv/versions/3.12.1/lib/python3.12/lib-dynload
  /Users/muafailhamighazalah/.pyenv/versions/3.12.1/lib/python3.12/site-packages
[ WARN ] Keyword 'Capture Page Screenshot' could not be run on failure: Message: no such window: target window already closed
from unknown error: web view not found
  (Session info: chrome=140.0.7339.210)
Stacktrace:
0   chromedriver                        0x00000001012a7274 cxxbridge1$str$ptr + 2882596
1   chromedriver                        0x000000010129f1a0 cxxbridge1$str$ptr + 2849616
2   chromedriver                        0x0000000100dc9180 _RNvCslE4myv9Sbr3_7___rustc35___rust_no_alloc_shim_is_unstable_v2 + 73420
3   chromedriver                        0x0000000100da3158 chromedriver + 143704
4   chromedriver                        0x0000000100e38560 _RNvCslE4myv9Sbr3_7___rustc35___rust_no_alloc_shim_is_unstable_v2 + 529068
5   chromedriver                        0x0000000100e51228 _RNvCslE4myv9Sbr3_7___rustc35___rust_no_alloc_shim_is_unstable_v2 + 630644
6   chromedriver                        0x0000000100e04188 _RNvCslE4myv9Sbr3_7___rustc35___rust_no_alloc_shim_is_unstable_v2 + 315092
7   chromedriver                        0x000000010126ac54 cxxbridge1$str$ptr + 2635268
8   chromedriver                        0x000000010126de6c cxxbridge1$str$ptr + 2648092
9   chromedriver                        0x000000010124c5d4 cxxbridge1$str$ptr + 2510724
10  chromedriver                        0x000000010126e718 cxxbridge1$str$ptr + 2650312
11  chromedriver                        0x000000010123dd7c cxxbridge1$str$ptr + 2451244
12  chromedriver                        0x000000010128ddd4 cxxbridge1$str$ptr + 2779012
13  chromedriver                        0x000000010128df54 cxxbridge1$str$ptr + 2779396
14  chromedriver                        0x000000010129edec cxxbridge1$str$ptr + 2848668
15  libsystem_pthread.dylib             0x0000000183237c0c _pthread_start + 136
16  libsystem_pthread.dylib             0x0000000183232b80 thread_start + 8

[ WARN ] Keyword 'Capture Page Screenshot' could not be run on failure: Message: no such window: target window already closed
from unknown error: web view not found
  (Session info: chrome=140.0.7339.210)
Stacktrace:
0   chromedriver                        0x00000001012a7274 cxxbridge1$str$ptr + 2882596
1   chromedriver                        0x000000010129f1a0 cxxbridge1$str$ptr + 2849616
2   chromedriver                        0x0000000100dc9180 _RNvCslE4myv9Sbr3_7___rustc35___rust_no_alloc_shim_is_unstable_v2 + 73420
3   chromedriver                        0x0000000100da3158 chromedriver + 143704
4   chromedriver                        0x0000000100e38560 _RNvCslE4myv9Sbr3_7___rustc35___rust_no_alloc_shim_is_unstable_v2 + 529068
5   chromedriver                        0x0000000100e51228 _RNvCslE4myv9Sbr3_7___rustc35___rust_no_alloc_shim_is_unstable_v2 + 630644
6   chromedriver                        0x0000000100e04188 _RNvCslE4myv9Sbr3_7___rustc35___rust_no_alloc_shim_is_unstable_v2 + 315092
7   chromedriver                        0x000000010126ac54 cxxbridge1$str$ptr + 2635268
8   chromedriver                        0x000000010126de6c cxxbridge1$str$ptr + 2648092
9   chromedriver                        0x000000010124c5d4 cxxbridge1$str$ptr + 2510724
10  chromedriver                        0x000000010126e718 cxxbridge1$str$ptr + 2650312
11  chromedriver                        0x000000010123dd7c cxxbridge1$str$ptr + 2451244
12  chromedriver                        0x000000010128ddd4 cxxbridge1$str$ptr + 2779012
13  chromedriver                        0x000000010128df54 cxxbridge1$str$ptr + 2779396
14  chromedriver                        0x000000010129edec cxxbridge1$str$ptr + 2848668
15  libsystem_pthread.dylib             0x0000000183237c0c _pthread_start + 136
16  libsystem_pthread.dylib             0x0000000183232b80 thread_start + 8

Second signal will force exit.
[ WARN ] Retrying (Retry(total=2, connect=None, read=None, redirect=None, status=None)) after connection broken by 'NewConnectionError('<urllib3.connection.HTTPConnection object at 0x1067c9e50>: Failed to establish a new connection: [Errno 61] Connection refused')': /session/3ae3443bf10f72d29869ee9b4f2d6118/screenshot
[ WARN ] Retrying (Retry(total=1, connect=None, read=None, redirect=None, status=None)) after connection broken by 'NewConnectionError('<urllib3.connection.HTTPConnection object at 0x1067c9f40>: Failed to establish a new connection: [Errno 61] Connection refused')': /session/3ae3443bf10f72d29869ee9b4f2d6118/screenshot
[ WARN ] Retrying (Retry(total=0, connect=None, read=None, redirect=None, status=None)) after connection broken by 'NewConnectionError('<urllib3.connection.HTTPConnection object at 0x1067c96a0>: Failed to establish a new connection: [Errno 61] Connection refused')': /session/3ae3443bf10f72d29869ee9b4f2d6118/screenshot
[ WARN ] Keyword 'Capture Page Screenshot' could not be run on failure: HTTPConnectionPool(host='localhost', port=51131): Max retries exceeded with url: /session/3ae3443bf10f72d29869ee9b4f2d6118/screenshot (Caused by NewConnectionError('<urllib3.connection.HTTPConnection object at 0x1067c9370>: Failed to establish a new connection: [Errno 61] Connection refused'))
